Using pre-set license
Built from '2021.3/evg/staging/82bb020e-b03b1330/draft-0' branch; Version is '2021.3.16f1 (4016570cf34f) revision 4200023'; Using compiler version '192829333'; Build Type 'Release'
OS: 'Windows 11  (10.0.22621) 64bit CoreSingleLanguage' Language: 'tr' Physical Memory: 16240 MB
BatchMode: 1, IsHumanControllingUs: 0, StartBugReporterOnCrash: 0, Is64bit: 1, IsPro: 1

COMMAND LINE ARGUMENTS:
D:\Unity\2021.3.16f1\Editor\Unity.exe
-adb2
-batchMode
-noUpm
-name
AssetImportWorker2
-projectPath
D:/Unity Projects/BIL392/BIL392 School project/BIL392/BIL392-Project
-logFile
Logs/AssetImportWorker2.log
-srvPort
51560
Successfully changed project path to: D:/Unity Projects/BIL392/BIL392 School project/BIL392/BIL392-Project
D:/Unity Projects/BIL392/BIL392 School project/BIL392/BIL392-Project
[UnityMemory] Configuration Parameters - Can be set up in boot.config
    "memorysetup-bucket-allocator-granularity=16"
    "memorysetup-bucket-allocator-bucket-count=8"
    "memorysetup-bucket-allocator-block-size=33554432"
    "memorysetup-bucket-allocator-block-count=8"
    "memorysetup-main-allocator-block-size=16777216"
    "memorysetup-thread-allocator-block-size=16777216"
    "memorysetup-gfx-main-allocator-block-size=16777216"
    "memorysetup-gfx-thread-allocator-block-size=16777216"
    "memorysetup-cache-allocator-block-size=4194304"
    "memorysetup-typetree-allocator-block-size=2097152"
    "memorysetup-profiler-bucket-allocator-granularity=16"
    "memorysetup-profiler-bucket-allocator-bucket-count=8"
    "memorysetup-profiler-bucket-allocator-block-size=33554432"
    "memorysetup-profiler-bucket-allocator-block-count=8"
    "memorysetup-profiler-allocator-block-size=16777216"
    "memorysetup-profiler-editor-allocator-block-size=1048576"
    "memorysetup-temp-allocator-size-main=16777216"
    "memorysetup-job-temp-allocator-block-size=2097152"
    "memorysetup-job-temp-allocator-block-size-background=1048576"
    "memorysetup-job-temp-allocator-reduction-small-platforms=262144"
    "memorysetup-temp-allocator-size-background-worker=32768"
    "memorysetup-temp-allocator-size-job-worker=262144"
    "memorysetup-temp-allocator-size-preload-manager=33554432"
    "memorysetup-temp-allocator-size-nav-mesh-worker=65536"
    "memorysetup-temp-allocator-size-audio-worker=65536"
    "memorysetup-temp-allocator-size-cloud-worker=32768"
    "memorysetup-temp-allocator-size-gi-baking-worker=262144"
    "memorysetup-temp-allocator-size-gfx=262144"
Player connection [3568] Host "[IP] 0.0.0.0 [Port] 0 [Flags] 2 [Guid] 1462910727 [EditorId] 1462910727 [Version] 1048832 [Id] WindowsEditor(7,DESKTOP-HUO8L92) [Debug] 1 [PackageName] WindowsEditor [ProjectName] Editor" joined multi-casting on [225.0.0.222:54997]...

Player connection [3568] Host "[IP] 0.0.0.0 [Port] 0 [Flags] 2 [Guid] 1462910727 [EditorId] 1462910727 [Version] 1048832 [Id] WindowsEditor(7,DESKTOP-HUO8L92) [Debug] 1 [PackageName] WindowsEditor [ProjectName] Editor" joined alternative multi-casting on [225.0.0.222:34997]...

Refreshing native plugins compatible for Editor in 104.58 ms, found 3 plugins.
Preloading 0 native plugins for Editor in 0.00 ms.
Initialize engine version: 2021.3.16f1 (4016570cf34f)
[Subsystems] Discovering subsystems at path D:/Unity/2021.3.16f1/Editor/Data/Resources/UnitySubsystems
[Subsystems] Discovering subsystems at path D:/Unity Projects/BIL392/BIL392 School project/BIL392/BIL392-Project/Assets
GfxDevice: creating device client; threaded=0; jobified=0
Direct3D:
    Version:  Direct3D 11.0 [level 11.1]
    Renderer: NVIDIA GeForce RTX 2060 (ID=0x1f11)
    Vendor:   NVIDIA
    VRAM:     5968 MB
    Driver:   31.0.15.3179
Initialize mono
Mono path[0] = 'D:/Unity/2021.3.16f1/Editor/Data/Managed'
Mono path[1] = 'D:/Unity/2021.3.16f1/Editor/Data/MonoBleedingEdge/lib/mono/unityjit-win32'
Mono config path = 'D:/Unity/2021.3.16f1/Editor/Data/MonoBleedingEdge/etc'
Using monoOptions --debugger-agent=transport=dt_socket,embedding=1,server=y,suspend=n,address=127.0.0.1:56228
Begin MonoManager ReloadAssembly
Registering precompiled unity dll's ...
Register platform support module: D:/Unity/2021.3.16f1/Editor/Data/PlaybackEngines/WindowsStandaloneSupport/UnityEditor.WindowsStandalone.Extensions.dll
Registered in 0.001903 seconds.
Native extension for WindowsStandalone target not found
Refreshing native plugins compatible for Editor in 94.97 ms, found 3 plugins.
Preloading 0 native plugins for Editor in 0.00 ms.
Mono: successfully reloaded assembly
- Completed reload, in  0.649 seconds
Domain Reload Profiling:
	ReloadAssembly (650ms)
		BeginReloadAssembly (90ms)
			ExecutionOrderSort (0ms)
			DisableScriptedObjects (0ms)
			BackupInstance (0ms)
			ReleaseScriptingObjects (0ms)
			CreateAndSetChildDomain (1ms)
		EndReloadAssembly (459ms)
			LoadAssemblies (89ms)
			RebuildTransferFunctionScriptingTraits (0ms)
			SetupTypeCache (108ms)
			ReleaseScriptCaches (0ms)
			RebuildScriptCaches (28ms)
			SetupLoadedEditorAssemblies (277ms)
				LogAssemblyErrors (0ms)
				InitializePlatformSupportModulesInManaged (6ms)
				SetLoadedEditorAssemblies (0ms)
				RefreshPlugins (95ms)
				BeforeProcessingInitializeOnLoad (1ms)
				ProcessInitializeOnLoadAttributes (128ms)
				ProcessInitializeOnLoadMethodAttributes (46ms)
				AfterProcessingInitializeOnLoad (0ms)
				EditorAssembliesLoaded (0ms)
			ExecutionOrderSort2 (0ms)
			AwakeInstancesAfterBackupRestoration (0ms)
Platform modules already initialized, skipping
Registering precompiled user dll's ...
Registered in 0.006596 seconds.
Begin MonoManager ReloadAssembly
Symbol file LoadedFromMemory doesn't match image D:\Unity Projects\BIL392\BIL392 School project\BIL392\BIL392-Project\Library\PackageCache\com.unity.visualscripting@1.7.8\Editor\VisualScripting.Core\Dependencies\YamlDotNet\Unity.VisualScripting.YamlDotNet.dll
Symbol file LoadedFromMemory doesn't match image D:\Unity Projects\BIL392\BIL392 School project\BIL392\BIL392-Project\Library\PackageCache\com.unity.visualscripting@1.7.8\Editor\VisualScripting.Core\Dependencies\DotNetZip\Unity.VisualScripting.IonicZip.dll
Native extension for WindowsStandalone target not found
Refreshing native plugins compatible for Editor in 0.77 ms, found 3 plugins.
Preloading 0 native plugins for Editor in 0.00 ms.
Mono: successfully reloaded assembly
- Completed reload, in  1.028 seconds
Domain Reload Profiling:
	ReloadAssembly (1029ms)
		BeginReloadAssembly (115ms)
			ExecutionOrderSort (0ms)
			DisableScriptedObjects (6ms)
			BackupInstance (0ms)
			ReleaseScriptingObjects (0ms)
			CreateAndSetChildDomain (18ms)
		EndReloadAssembly (809ms)
			LoadAssemblies (96ms)
			RebuildTransferFunctionScriptingTraits (0ms)
			SetupTypeCache (264ms)
			ReleaseScriptCaches (1ms)
			RebuildScriptCaches (48ms)
			SetupLoadedEditorAssemblies (373ms)
				LogAssemblyErrors (0ms)
				InitializePlatformSupportModulesInManaged (4ms)
				SetLoadedEditorAssemblies (1ms)
				RefreshPlugins (1ms)
				BeforeProcessingInitializeOnLoad (78ms)
				ProcessInitializeOnLoadAttributes (259ms)
				ProcessInitializeOnLoadMethodAttributes (28ms)
				AfterProcessingInitializeOnLoad (2ms)
				EditorAssembliesLoaded (0ms)
			ExecutionOrderSort2 (0ms)
			AwakeInstancesAfterBackupRestoration (7ms)
Platform modules already initialized, skipping
========================================================================
Worker process is ready to serve import requests
Launched and connected shader compiler UnityShaderCompiler.exe after 0.04 seconds
Refreshing native plugins compatible for Editor in 0.83 ms, found 3 plugins.
Preloading 0 native plugins for Editor in 0.00 ms.
Unloading 3449 Unused Serialized files (Serialized files now loaded: 0)
Unloading 27 unused Assets / (113.7 KB). Loaded Objects now: 3933.
Memory consumption went from 156.2 MB to 156.1 MB.
Total: 3.707200 ms (FindLiveObjects: 0.257300 ms CreateObjectMapping: 0.173900 ms MarkObjects: 3.177100 ms  DeleteObjects: 0.098200 ms)

AssetImportParameters requested are different than current active one (requested -> active):
  custom:video-decoder-ogg-theora: a1e56fd34408186e4bbccfd4996cb3dc -> 
  custom:container-muxer-webm: aa71ff27fc2769a1b78a27578f13a17b -> 
  custom:container-demuxer-webm: 4f35f7cbe854078d1ac9338744f61a02 -> 
  custom:video-encoder-webm-vp8: eb34c28f22e8b96e1ab97ce403110664 -> 
  custom:audio-encoder-webm-vorbis: bf7c407c2cedff20999df2af8eb42d56 -> 
  custom:framework-win-MediaFoundation: 216162199b28c13a410421893ffa2e32 -> 
  custom:container-demuxer-ogg: 62fdf1f143b41e24485cea50d1cbac27 -> 
  custom:video-decoder-webm-vp8: 9c59270c3fd7afecdb556c50c9e8de78 -> 
  custom:audio-decoder-ogg-vorbis: bf7c407c2cedff20999df2af8eb42d56 -> 
========================================================================
Received Import Request.
  Time since last request: 1776.276368 seconds.
  path: Assets/Assets/Prologue
  artifactKey: Guid(24c8f1e59ce7c714a93a8efab49e1182) Importer(815301076,1909f56bfc062723c751e8b465ee728b)
Start importing Assets/Assets/Prologue using Guid(24c8f1e59ce7c714a93a8efab49e1182) Importer(815301076,1909f56bfc062723c751e8b465ee728b)  -> (artifact id: '6f61eabca3c8e8419c2c21ff39003346') in 0.017364 seconds 
========================================================================
Received Import Request.
  Time since last request: 2.078638 seconds.
  path: Assets/Assets/Prologue/Conifers [BOTD]/Render Pipeline Support
  artifactKey: Guid(bf28865a6e5fab64c84db5fa4c2f7cae) Importer(815301076,1909f56bfc062723c751e8b465ee728b)
Start importing Assets/Assets/Prologue/Conifers [BOTD]/Render Pipeline Support using Guid(bf28865a6e5fab64c84db5fa4c2f7cae) Importer(815301076,1909f56bfc062723c751e8b465ee728b)  -> (artifact id: '845f7ffb99a0247ea534d6df64fc8aca') in 0.009513 seconds 
========================================================================
Received Import Request.
  Time since last request: 0.674647 seconds.
  path: Assets/Assets/Prologue/Conifers [BOTD]/Render Pipeline Support/Built-in RP
  artifactKey: Guid(89b57d6e07166334994217f6375166e5) Importer(815301076,1909f56bfc062723c751e8b465ee728b)
Start importing Assets/Assets/Prologue/Conifers [BOTD]/Render Pipeline Support/Built-in RP using Guid(89b57d6e07166334994217f6375166e5) Importer(815301076,1909f56bfc062723c751e8b465ee728b)  -> (artifact id: 'fad4e2c39f4a720d5166a549d77e9c52') in 0.009007 seconds 
========================================================================
Received Import Request.
  Time since last request: 2.264889 seconds.
  path: Assets/Assets/Prologue/Conifers [BOTD]/Render Pipeline Support/Built-in RP/Prefabs
  artifactKey: Guid(fdf7d2f3736054f08b8ffebe4d2a8fcf) Importer(815301076,1909f56bfc062723c751e8b465ee728b)
Start importing Assets/Assets/Prologue/Conifers [BOTD]/Render Pipeline Support/Built-in RP/Prefabs using Guid(fdf7d2f3736054f08b8ffebe4d2a8fcf) Importer(815301076,1909f56bfc062723c751e8b465ee728b)  -> (artifact id: '0c27e03dd9bdec2a5a753f281e291880') in 0.008978 seconds 
========================================================================
Received Import Request.
  Time since last request: 0.062593 seconds.
  path: Assets/Assets/Prologue/Conifers [BOTD]/Render Pipeline Support/Built-in RP/Prefabs/PF Conifer Bare BOTD.prefab
  artifactKey: Guid(539fa9bc6500e44708e0f7b2c78cbefe) Importer(815301076,1909f56bfc062723c751e8b465ee728b)
Start importing Assets/Assets/Prologue/Conifers [BOTD]/Render Pipeline Support/Built-in RP/Prefabs/PF Conifer Bare BOTD.prefab using Guid(539fa9bc6500e44708e0f7b2c78cbefe) Importer(815301076,1909f56bfc062723c751e8b465ee728b)  -> (artifact id: '74b44145a60b6ccc918792f18b32a1ab') in 4.501118 seconds 
========================================================================
Received Prepare
Refreshing native plugins compatible for Editor in 7.64 ms, found 3 plugins.
Preloading 0 native plugins for Editor in 0.00 ms.
Unloading 20 Unused Serialized files (Serialized files now loaded: 0)
Unloading 20 unused Assets / (77.9 KB). Loaded Objects now: 3942.
Memory consumption went from 89.7 MB to 89.6 MB.
Total: 5.207200 ms (FindLiveObjects: 0.379100 ms CreateObjectMapping: 0.301200 ms MarkObjects: 4.380600 ms  DeleteObjects: 0.144600 ms)

AssetImportParameters requested are different than current active one (requested -> active):
  custom:video-decoder-ogg-theora: a1e56fd34408186e4bbccfd4996cb3dc -> 
  custom:container-muxer-webm: aa71ff27fc2769a1b78a27578f13a17b -> 
  custom:container-demuxer-webm: 4f35f7cbe854078d1ac9338744f61a02 -> 
  custom:video-encoder-webm-vp8: eb34c28f22e8b96e1ab97ce403110664 -> 
  custom:audio-encoder-webm-vorbis: bf7c407c2cedff20999df2af8eb42d56 -> 
  custom:framework-win-MediaFoundation: 216162199b28c13a410421893ffa2e32 -> 
  custom:container-demuxer-ogg: 62fdf1f143b41e24485cea50d1cbac27 -> 
  custom:video-decoder-webm-vp8: 9c59270c3fd7afecdb556c50c9e8de78 -> 
  custom:audio-decoder-ogg-vorbis: bf7c407c2cedff20999df2af8eb42d56 -> 
========================================================================
Received Import Request.
  Time since last request: 552.173404 seconds.
  path: Assets/Assets/Material/Garden Material/1st Platform.mat
  artifactKey: Guid(8170f9e24c271cf4b91f225c96ff2ca4) Importer(815301076,1909f56bfc062723c751e8b465ee728b)
Start importing Assets/Assets/Material/Garden Material/1st Platform.mat using Guid(8170f9e24c271cf4b91f225c96ff2ca4) Importer(815301076,1909f56bfc062723c751e8b465ee728b)  -> (artifact id: '0eb2a508e2a1a8114141299ea7ca453a') in 0.066848 seconds 
========================================================================
Received Import Request.
  Time since last request: 0.000026 seconds.
  path: Assets/Assets/Coconut Palm Tree Pack/Materials/Parts/Coconut_Palm_Tree_Frond_Stem.mat
  artifactKey: Guid(811fc76a48a2e4b4990e1c9997697274) Importer(815301076,1909f56bfc062723c751e8b465ee728b)
Start importing Assets/Assets/Coconut Palm Tree Pack/Materials/Parts/Coconut_Palm_Tree_Frond_Stem.mat using Guid(811fc76a48a2e4b4990e1c9997697274) Importer(815301076,1909f56bfc062723c751e8b465ee728b)  -> (artifact id: 'b5a55558b56025d00ec956e4b04af474') in 0.912540 seconds 
========================================================================
Received Import Request.
  Time since last request: 0.000020 seconds.
  path: Assets/Assets/Cartoon Temple Building Kit/Fbx/Ground Stones Tile/Ground Stones Tiles 4x4.fbx
  artifactKey: Guid(f5012a2baad28264cb329a3d78c8c676) Importer(815301076,1909f56bfc062723c751e8b465ee728b)
Start importing Assets/Assets/Cartoon Temple Building Kit/Fbx/Ground Stones Tile/Ground Stones Tiles 4x4.fbx using Guid(f5012a2baad28264cb329a3d78c8c676) Importer(815301076,1909f56bfc062723c751e8b465ee728b)  -> (artifact id: '9634dc510e56cf8e72242a7d7b775200') in 0.173472 seconds 
========================================================================
Received Import Request.
  Time since last request: 0.000031 seconds.
  path: Assets/Assets/Cartoon Temple Building Kit/Fbx/Ground Stones Tile/Ground Stones Tile 2x2.fbx
  artifactKey: Guid(9ef277ff5f15b1e48b8bbcb1461a15d5) Importer(815301076,1909f56bfc062723c751e8b465ee728b)
Start importing Assets/Assets/Cartoon Temple Building Kit/Fbx/Ground Stones Tile/Ground Stones Tile 2x2.fbx using Guid(9ef277ff5f15b1e48b8bbcb1461a15d5) Importer(815301076,1909f56bfc062723c751e8b465ee728b)  -> (artifact id: 'b76b776f5d0e75bee3aed5654cc36923') in 0.173788 seconds 
========================================================================
Received Import Request.
  Time since last request: 0.000015 seconds.
  path: Assets/Assets/Animation/Jammo_LowPoly@Falling Idle.fbx
  artifactKey: Guid(a8f55d4ac18610449aa95fd9b8a46fef) Importer(815301076,1909f56bfc062723c751e8b465ee728b)
Start importing Assets/Assets/Animation/Jammo_LowPoly@Falling Idle.fbx using Guid(a8f55d4ac18610449aa95fd9b8a46fef) Importer(815301076,1909f56bfc062723c751e8b465ee728b)  -> (artifact id: '24cd66b7bcda589ed9489eef6d3c4430') in 0.279872 seconds 
========================================================================
Received Import Request.
  Time since last request: 0.000038 seconds.
  path: Assets/Assets/Cartoon Temple Building Kit/Fbx/Ground Stones Tile/Ground Stones Tiles 1x4.fbx
  artifactKey: Guid(f2fe01c0e2fd758408ca495509bc6dd1) Importer(815301076,1909f56bfc062723c751e8b465ee728b)
Start importing Assets/Assets/Cartoon Temple Building Kit/Fbx/Ground Stones Tile/Ground Stones Tiles 1x4.fbx using Guid(f2fe01c0e2fd758408ca495509bc6dd1) Importer(815301076,1909f56bfc062723c751e8b465ee728b)  -> (artifact id: 'bdb4a6916b90a518a192ceec577e52ae') in 0.093884 seconds 
========================================================================
Received Import Request.
  Time since last request: 0.000025 seconds.
  path: Assets/Assets/Coconut Palm Tree Pack/Textures/Parts/Frond_Stem_normal.psd
  artifactKey: Guid(b199c89962c042844bb5d19f31b84dc3) Importer(815301076,1909f56bfc062723c751e8b465ee728b)
Start importing Assets/Assets/Coconut Palm Tree Pack/Textures/Parts/Frond_Stem_normal.psd using Guid(b199c89962c042844bb5d19f31b84dc3) Importer(815301076,1909f56bfc062723c751e8b465ee728b)  -> (artifact id: '6f6573844532237c96ed7d19523d067a') in 0.032047 seconds 
========================================================================
Received Import Request.
  Time since last request: 0.000030 seconds.
  path: Assets/Assets/Cartoon Temple Building Kit/Fbx/Ground Stones Tile/Ground Stones Tiles 5x5.fbx
  artifactKey: Guid(ef59713f5fc82354780ebda9788b679e) Importer(815301076,1909f56bfc062723c751e8b465ee728b)
Start importing Assets/Assets/Cartoon Temple Building Kit/Fbx/Ground Stones Tile/Ground Stones Tiles 5x5.fbx using Guid(ef59713f5fc82354780ebda9788b679e) Importer(815301076,1909f56bfc062723c751e8b465ee728b)  -> (artifact id: '6bf1ba1ba4b364c0e16c9dad5839a13d') in 0.037284 seconds 
========================================================================
Received Import Request.
  Time since last request: 0.000036 seconds.
  path: Assets/Assets/TextureHaven/sandstone_4k/sandstone_4k_textures/large_sandstone_blocks_01/large_sandstone_blocks_01_diff_4k.png
  artifactKey: Guid(e2781f4be0414ae4593b31d34e605b75) Importer(815301076,1909f56bfc062723c751e8b465ee728b)
Start importing Assets/Assets/TextureHaven/sandstone_4k/sandstone_4k_textures/large_sandstone_blocks_01/large_sandstone_blocks_01_diff_4k.png using Guid(e2781f4be0414ae4593b31d34e605b75) Importer(815301076,1909f56bfc062723c751e8b465ee728b)  -> (artifact id: '7a860a3429def391ae8484628bd8db62') in 0.032433 seconds 
========================================================================
Received Import Request.
  Time since last request: 0.000016 seconds.
  path: Assets/Assets/Cartoon Temple Building Kit/Fbx/Ground Stones Tile/Ground Stones Tile 3x3.fbx
  artifactKey: Guid(044efa8d50985d04f80d722d1bfa1b68) Importer(815301076,1909f56bfc062723c751e8b465ee728b)
Start importing Assets/Assets/Cartoon Temple Building Kit/Fbx/Ground Stones Tile/Ground Stones Tile 3x3.fbx using Guid(044efa8d50985d04f80d722d1bfa1b68) Importer(815301076,1909f56bfc062723c751e8b465ee728b)  -> (artifact id: '3dbe63a7d0e2c66603448a06b3eb5525') in 0.033393 seconds 
========================================================================
Received Import Request.
  Time since last request: 0.000017 seconds.
  path: Assets/Assets/Material/Forest chrytal.mat
  artifactKey: Guid(08f2dd48be30bf144b463ed52cd2a8de) Importer(815301076,1909f56bfc062723c751e8b465ee728b)
Start importing Assets/Assets/Material/Forest chrytal.mat using Guid(08f2dd48be30bf144b463ed52cd2a8de) Importer(815301076,1909f56bfc062723c751e8b465ee728b)  -> (artifact id: '3b12750c9fc0c4e742d77431b1fcf71d') in 0.018087 seconds 
========================================================================
Received Import Request.
  Time since last request: 0.000022 seconds.
  path: Assets/Assets/TextMesh Pro/Resources/Style Sheets/Default Style Sheet.asset
  artifactKey: Guid(f952c082cb03451daed3ee968ac6c63e) Importer(815301076,1909f56bfc062723c751e8b465ee728b)
Start importing Assets/Assets/TextMesh Pro/Resources/Style Sheets/Default Style Sheet.asset using Guid(f952c082cb03451daed3ee968ac6c63e) Importer(815301076,1909f56bfc062723c751e8b465ee728b)  -> (artifact id: 'c72200549b97ff12ff44a36c3fabf96c') in 0.017120 seconds 
========================================================================
Received Import Request.
  Time since last request: 0.000024 seconds.
  path: Assets/Assets/Animation/Jammo_LowPoly@Running Backward.fbx
  artifactKey: Guid(59a55563320dde24ea3845dccd1a2de3) Importer(815301076,1909f56bfc062723c751e8b465ee728b)
Start importing Assets/Assets/Animation/Jammo_LowPoly@Running Backward.fbx using Guid(59a55563320dde24ea3845dccd1a2de3) Importer(815301076,1909f56bfc062723c751e8b465ee728b)  -> (artifact id: 'ce498ef30af19f226566d1bc7e037371') in 0.271691 seconds 
========================================================================
Received Import Request.
  Time since last request: 0.000029 seconds.
  path: Assets/Assets/Cartoon Temple Building Kit/Fbx/Ground Stones Tile/Ground Stones Tile 1x3.fbx
  artifactKey: Guid(69f1057f665769a4c922520c48e0fff7) Importer(815301076,1909f56bfc062723c751e8b465ee728b)
Start importing Assets/Assets/Cartoon Temple Building Kit/Fbx/Ground Stones Tile/Ground Stones Tile 1x3.fbx using Guid(69f1057f665769a4c922520c48e0fff7) Importer(815301076,1909f56bfc062723c751e8b465ee728b)  -> (artifact id: 'de9609069a74aae433938ee4f0f8c63c') in 0.051204 seconds 
========================================================================
Received Import Request.
  Time since last request: 0.000018 seconds.
  path: Assets/Assets/Cartoon Temple Building Kit/Fbx/Ground Stones Tile/Ground Stones Tile Half 1.fbx
  artifactKey: Guid(129dd0fc5b09871458d6b2909509b4f9) Importer(815301076,1909f56bfc062723c751e8b465ee728b)
Start importing Assets/Assets/Cartoon Temple Building Kit/Fbx/Ground Stones Tile/Ground Stones Tile Half 1.fbx using Guid(129dd0fc5b09871458d6b2909509b4f9) Importer(815301076,1909f56bfc062723c751e8b465ee728b)  -> (artifact id: '8b5a506cd38c5b149f7b1a80b925ba05') in 0.046101 seconds 
========================================================================
Received Import Request.
  Time since last request: 0.000029 seconds.
  path: Assets/Assets/Prologue/Conifers [BOTD]/Shared Sources/Textures/BODT Conifer x Stump [Normal] [AO] [Specular].tif
  artifactKey: Guid(7292f645408434cb896aaee2fd9c2a14) Importer(815301076,1909f56bfc062723c751e8b465ee728b)
Start importing Assets/Assets/Prologue/Conifers [BOTD]/Shared Sources/Textures/BODT Conifer x Stump [Normal] [AO] [Specular].tif using Guid(7292f645408434cb896aaee2fd9c2a14) Importer(815301076,1909f56bfc062723c751e8b465ee728b)  -> (artifact id: '676487a043cec9e5e8ab564b32fc3d1f') in 0.083769 seconds 
========================================================================
Received Import Request.
  Time since last request: 0.000015 seconds.
  path: Assets/Assets/TextureHaven/sandstone_4k/sandstone_4k_textures/large_sandstone_blocks_01/large_sandstone_blocks_01_ao_4k.png
  artifactKey: Guid(184533850037c844093d1fe28f60bfc7) Importer(815301076,1909f56bfc062723c751e8b465ee728b)
Start importing Assets/Assets/TextureHaven/sandstone_4k/sandstone_4k_textures/large_sandstone_blocks_01/large_sandstone_blocks_01_ao_4k.png using Guid(184533850037c844093d1fe28f60bfc7) Importer(815301076,1909f56bfc062723c751e8b465ee728b)  -> (artifact id: '648a21cf8a5a7815d472ebdd6ad4d171') in 0.161309 seconds 
========================================================================
Received Import Request.
  Time since last request: 0.000019 seconds.
  path: Assets/Assets/Particlecollection_Free samples/Prefab/Plugins demo/effect_distortion_mask.prefab
  artifactKey: Guid(41a63e034169271498628fd0e4fba549) Importer(815301076,1909f56bfc062723c751e8b465ee728b)
Start importing Assets/Assets/Particlecollection_Free samples/Prefab/Plugins demo/effect_distortion_mask.prefab using Guid(41a63e034169271498628fd0e4fba549) Importer(815301076,1909f56bfc062723c751e8b465ee728b)  -> (artifact id: 'a22921a7e51fbc7370efd3c0c03eb6a4') in 0.070933 seconds 
========================================================================
Received Import Request.
  Time since last request: 0.000055 seconds.
  path: Assets/Assets/Cartoon Temple Building Kit/Fbx/Ground Stones Tile/Ground Stones Tile 1x2.fbx
  artifactKey: Guid(92ea0953717ae904db3a307fb56a85f0) Importer(815301076,1909f56bfc062723c751e8b465ee728b)
Start importing Assets/Assets/Cartoon Temple Building Kit/Fbx/Ground Stones Tile/Ground Stones Tile 1x2.fbx using Guid(92ea0953717ae904db3a307fb56a85f0) Importer(815301076,1909f56bfc062723c751e8b465ee728b)  -> (artifact id: 'ac62bce740122ecf1d89e36b7f238795') in 0.068883 seconds 
========================================================================
Received Import Request.
  Time since last request: 0.000027 seconds.
  path: Assets/Assets/Coconut Palm Tree Pack/Textures/Parts/Frond_Stem_gloss.psd
  artifactKey: Guid(a4f433611f808d1438bab86f9c2b87ff) Importer(815301076,1909f56bfc062723c751e8b465ee728b)
Start importing Assets/Assets/Coconut Palm Tree Pack/Textures/Parts/Frond_Stem_gloss.psd using Guid(a4f433611f808d1438bab86f9c2b87ff) Importer(815301076,1909f56bfc062723c751e8b465ee728b)  -> (artifact id: '2cc34a66097cb3d6096284b3bcd05654') in 0.018023 seconds 
========================================================================
Received Import Request.
  Time since last request: 0.000037 seconds.
  path: Assets/Assets/TextureHaven/sandstone_4k/sandstone_4k_textures/large_sandstone_blocks_01/large_sandstone_blocks_01_disp_4k.png
  artifactKey: Guid(520cd4eed5bf7ce43b0083ebd98ad802) Importer(815301076,1909f56bfc062723c751e8b465ee728b)
Start importing Assets/Assets/TextureHaven/sandstone_4k/sandstone_4k_textures/large_sandstone_blocks_01/large_sandstone_blocks_01_disp_4k.png using Guid(520cd4eed5bf7ce43b0083ebd98ad802) Importer(815301076,1909f56bfc062723c751e8b465ee728b)  -> (artifact id: '6c34c20a6212c0622211967e9a3150f8') in 0.061110 seconds 
========================================================================
Received Import Request.
  Time since last request: 0.000037 seconds.
  path: Assets/Assets/Cartoon Temple Building Kit/Fbx/Ground Stones Tile/Ground Stones Tile Half 3.fbx
  artifactKey: Guid(74dcbbdd4269f4546a2f5c7c034cce6f) Importer(815301076,1909f56bfc062723c751e8b465ee728b)
Start importing Assets/Assets/Cartoon Temple Building Kit/Fbx/Ground Stones Tile/Ground Stones Tile Half 3.fbx using Guid(74dcbbdd4269f4546a2f5c7c034cce6f) Importer(815301076,1909f56bfc062723c751e8b465ee728b)  -> (artifact id: 'f5ac076b3227099db44253b4db7b9db9') in 0.036028 seconds 
========================================================================
Received Import Request.
  Time since last request: 0.000023 seconds.
  path: Assets/Assets/Cartoon Temple Building Kit/Fbx/Ground Stones Tile/Ground Stones Tile 1x1.fbx
  artifactKey: Guid(9aaa3144456a982458d4c21e4d6a3bda) Importer(815301076,1909f56bfc062723c751e8b465ee728b)
Start importing Assets/Assets/Cartoon Temple Building Kit/Fbx/Ground Stones Tile/Ground Stones Tile 1x1.fbx using Guid(9aaa3144456a982458d4c21e4d6a3bda) Importer(815301076,1909f56bfc062723c751e8b465ee728b)  -> (artifact id: '6a93d6e1530d4295823e856fd0b15cb4') in 0.060567 seconds 
========================================================================
Received Import Request.
  Time since last request: 0.000026 seconds.
  path: Assets/Assets/Animation/geri y端r端me.fbx
  artifactKey: Guid(199c3edd0455e18429f2a6fde0f3df5e) Importer(815301076,1909f56bfc062723c751e8b465ee728b)
Start importing Assets/Assets/Animation/geri y端r端me.fbx using Guid(199c3edd0455e18429f2a6fde0f3df5e) Importer(815301076,1909f56bfc062723c751e8b465ee728b)  -> (artifact id: 'f58ab68c532f9f00b940150b79eb3348') in 0.558902 seconds 
========================================================================
Received Import Request.
  Time since last request: 0.000030 seconds.
  path: Assets/Assets/Coconut Palm Tree Pack/Textures/Parts/Frond_Stem_diffuse.psd
  artifactKey: Guid(faafacff7a1fd6a48b83ae94bba129eb) Importer(815301076,1909f56bfc062723c751e8b465ee728b)
Start importing Assets/Assets/Coconut Palm Tree Pack/Textures/Parts/Frond_Stem_diffuse.psd using Guid(faafacff7a1fd6a48b83ae94bba129eb) Importer(815301076,1909f56bfc062723c751e8b465ee728b)  -> (artifact id: 'd9845b612cce9a26643d760434fead3b') in 0.018357 seconds 
========================================================================
Received Import Request.
  Time since last request: 0.000035 seconds.
  path: Assets/Assets/Cartoon Temple Building Kit/Fbx/Ground Stones Tile/Ground Stones Tile Half 4.fbx
  artifactKey: Guid(81f03de8f1589624cb6f1e67ee7411dc) Importer(815301076,1909f56bfc062723c751e8b465ee728b)
Start importing Assets/Assets/Cartoon Temple Building Kit/Fbx/Ground Stones Tile/Ground Stones Tile Half 4.fbx using Guid(81f03de8f1589624cb6f1e67ee7411dc) Importer(815301076,1909f56bfc062723c751e8b465ee728b)  -> (artifact id: 'a0bbef532150f7fd1d832f34e80c85d3') in 0.106470 seconds 
========================================================================
Received Import Request.
  Time since last request: 37.092758 seconds.
  path: Assets/Assets/Scripts/UI/storyTelling.cs
  artifactKey: Guid(5c2b1f7ffb2953943b1710985c3d1c62) Importer(815301076,1909f56bfc062723c751e8b465ee728b)
Start importing Assets/Assets/Scripts/UI/storyTelling.cs using Guid(5c2b1f7ffb2953943b1710985c3d1c62) Importer(815301076,1909f56bfc062723c751e8b465ee728b)  -> (artifact id: '0f0c3c7e8593e1e7c8c1eff608afdd1e') in 0.022536 seconds 
========================================================================
Received Prepare
Registering precompiled user dll's ...
Registered in 0.010068 seconds.
Begin MonoManager ReloadAssembly
Symbol file LoadedFromMemory doesn't match image D:\Unity Projects\BIL392\BIL392 School project\BIL392\BIL392-Project\Library\PackageCache\com.unity.visualscripting@1.7.8\Editor\VisualScripting.Core\Dependencies\YamlDotNet\Unity.VisualScripting.YamlDotNet.dll
Symbol file LoadedFromMemory doesn't match image D:\Unity Projects\BIL392\BIL392 School project\BIL392\BIL392-Project\Library\PackageCache\com.unity.visualscripting@1.7.8\Editor\VisualScripting.Core\Dependencies\DotNetZip\Unity.VisualScripting.IonicZip.dll
Native extension for WindowsStandalone target not found
Refreshing native plugins compatible for Editor in 1.10 ms, found 3 plugins.
Preloading 0 native plugins for Editor in 0.00 ms.
Mono: successfully reloaded assembly
- Completed reload, in  1.724 seconds
Domain Reload Profiling:
	ReloadAssembly (1725ms)
		BeginReloadAssembly (267ms)
			ExecutionOrderSort (0ms)
			DisableScriptedObjects (7ms)
			BackupInstance (0ms)
			ReleaseScriptingObjects (0ms)
			CreateAndSetChildDomain (66ms)
		EndReloadAssembly (1288ms)
			LoadAssemblies (199ms)
			RebuildTransferFunctionScriptingTraits (0ms)
			SetupTypeCache (473ms)
			ReleaseScriptCaches (1ms)
			RebuildScriptCaches (69ms)
			SetupLoadedEditorAssemblies (534ms)
				LogAssemblyErrors (0ms)
				InitializePlatformSupportModulesInManaged (19ms)
				SetLoadedEditorAssemblies (1ms)
				RefreshPlugins (1ms)
				BeforeProcessingInitializeOnLoad (111ms)
				ProcessInitializeOnLoadAttributes (354ms)
				ProcessInitializeOnLoadMethodAttributes (44ms)
				AfterProcessingInitializeOnLoad (3ms)
				EditorAssembliesLoaded (0ms)
			ExecutionOrderSort2 (0ms)
			AwakeInstancesAfterBackupRestoration (15ms)
Platform modules already initialized, skipping
Refreshing native plugins compatible for Editor in 4.68 ms, found 3 plugins.
Preloading 0 native plugins for Editor in 0.00 ms.
Unloading 3415 Unused Serialized files (Serialized files now loaded: 0)
Unloading 20 unused Assets / (80.5 KB). Loaded Objects now: 3992.
Memory consumption went from 171.7 MB to 171.6 MB.
Total: 6.159700 ms (FindLiveObjects: 0.425300 ms CreateObjectMapping: 0.371600 ms MarkObjects: 5.218200 ms  DeleteObjects: 0.143000 ms)

AssetImportParameters requested are different than current active one (requested -> active):
  custom:video-decoder-ogg-theora: a1e56fd34408186e4bbccfd4996cb3dc -> 
  custom:container-muxer-webm: aa71ff27fc2769a1b78a27578f13a17b -> 
  custom:container-demuxer-webm: 4f35f7cbe854078d1ac9338744f61a02 -> 
  custom:video-encoder-webm-vp8: eb34c28f22e8b96e1ab97ce403110664 -> 
  custom:audio-encoder-webm-vorbis: bf7c407c2cedff20999df2af8eb42d56 -> 
  custom:framework-win-MediaFoundation: 216162199b28c13a410421893ffa2e32 -> 
  custom:container-demuxer-ogg: 62fdf1f143b41e24485cea50d1cbac27 -> 
  custom:video-decoder-webm-vp8: 9c59270c3fd7afecdb556c50c9e8de78 -> 
  custom:audio-decoder-ogg-vorbis: bf7c407c2cedff20999df2af8eb42d56 -> 
========================================================================
Received Prepare
Refreshing native plugins compatible for Editor in 8.74 ms, found 3 plugins.
Preloading 0 native plugins for Editor in 0.00 ms.
Unloading 20 Unused Serialized files (Serialized files now loaded: 0)
Unloading 20 unused Assets / (78.2 KB). Loaded Objects now: 3992.
Memory consumption went from 103.8 MB to 103.7 MB.
Total: 6.464200 ms (FindLiveObjects: 0.460900 ms CreateObjectMapping: 0.253100 ms MarkObjects: 5.602300 ms  DeleteObjects: 0.146500 ms)

AssetImportParameters requested are different than current active one (requested -> active):
  custom:video-decoder-ogg-theora: a1e56fd34408186e4bbccfd4996cb3dc -> 
  custom:container-muxer-webm: aa71ff27fc2769a1b78a27578f13a17b -> 
  custom:container-demuxer-webm: 4f35f7cbe854078d1ac9338744f61a02 -> 
  custom:video-encoder-webm-vp8: eb34c28f22e8b96e1ab97ce403110664 -> 
  custom:audio-encoder-webm-vorbis: bf7c407c2cedff20999df2af8eb42d56 -> 
  custom:framework-win-MediaFoundation: 216162199b28c13a410421893ffa2e32 -> 
  custom:container-demuxer-ogg: 62fdf1f143b41e24485cea50d1cbac27 -> 
  custom:video-decoder-webm-vp8: 9c59270c3fd7afecdb556c50c9e8de78 -> 
  custom:audio-decoder-ogg-vorbis: bf7c407c2cedff20999df2af8eb42d56 -> 
========================================================================
Received Prepare
Refreshing native plugins compatible for Editor in 7.03 ms, found 3 plugins.
Preloading 0 native plugins for Editor in 0.00 ms.
Unloading 20 Unused Serialized files (Serialized files now loaded: 0)
Unloading 20 unused Assets / (78.1 KB). Loaded Objects now: 3992.
Memory consumption went from 103.8 MB to 103.7 MB.
Total: 4.263600 ms (FindLiveObjects: 0.351200 ms CreateObjectMapping: 0.208400 ms MarkObjects: 3.585600 ms  DeleteObjects: 0.117100 ms)

AssetImportParameters requested are different than current active one (requested -> active):
  custom:video-decoder-ogg-theora: a1e56fd34408186e4bbccfd4996cb3dc -> 
  custom:container-muxer-webm: aa71ff27fc2769a1b78a27578f13a17b -> 
  custom:container-demuxer-webm: 4f35f7cbe854078d1ac9338744f61a02 -> 
  custom:video-encoder-webm-vp8: eb34c28f22e8b96e1ab97ce403110664 -> 
  custom:audio-encoder-webm-vorbis: bf7c407c2cedff20999df2af8eb42d56 -> 
  custom:framework-win-MediaFoundation: 216162199b28c13a410421893ffa2e32 -> 
  custom:container-demuxer-ogg: 62fdf1f143b41e24485cea50d1cbac27 -> 
  custom:video-decoder-webm-vp8: 9c59270c3fd7afecdb556c50c9e8de78 -> 
  custom:audio-decoder-ogg-vorbis: bf7c407c2cedff20999df2af8eb42d56 -> 
========================================================================
Received Import Request.
  Time since last request: 1078.413143 seconds.
  path: Assets/Assets/Terrain/Mini Nature Pack/Terrain/Scene terrain.asset
  artifactKey: Guid(1a01ff1877c47db4fb554fb2b6406a06) Importer(815301076,1909f56bfc062723c751e8b465ee728b)
Start importing Assets/Assets/Terrain/Mini Nature Pack/Terrain/Scene terrain.asset using Guid(1a01ff1877c47db4fb554fb2b6406a06) Importer(815301076,1909f56bfc062723c751e8b465ee728b)  -> (artifact id: '1338b3aa4a4bee0aca7d12b4e7bffb16') in 1.665876 seconds 
========================================================================
Received Import Request.
  Time since last request: 0.000034 seconds.
  path: Assets/Assets/Particlecollection_Free samples/Scene/GameObject_noshow.prefab
  artifactKey: Guid(fcbd1ba6371a6024cb0183fa09c65382) Importer(815301076,1909f56bfc062723c751e8b465ee728b)
Start importing Assets/Assets/Particlecollection_Free samples/Scene/GameObject_noshow.prefab using Guid(fcbd1ba6371a6024cb0183fa09c65382) Importer(815301076,1909f56bfc062723c751e8b465ee728b)  -> (artifact id: '6cedf5f5e737a3cde374c00adfba1b16') in 0.020603 seconds 
========================================================================
Received Prepare
Refreshing native plugins compatible for Editor in 6.61 ms, found 3 plugins.
Preloading 0 native plugins for Editor in 0.00 ms.
Unloading 20 Unused Serialized files (Serialized files now loaded: 0)
Unloading 20 unused Assets / (78.0 KB). Loaded Objects now: 3992.
Memory consumption went from 103.9 MB to 103.8 MB.
Total: 4.814000 ms (FindLiveObjects: 0.334200 ms CreateObjectMapping: 0.221600 ms MarkObjects: 4.116500 ms  DeleteObjects: 0.140300 ms)

AssetImportParameters requested are different than current active one (requested -> active):
  custom:video-decoder-ogg-theora: a1e56fd34408186e4bbccfd4996cb3dc -> 
  custom:container-muxer-webm: aa71ff27fc2769a1b78a27578f13a17b -> 
  custom:container-demuxer-webm: 4f35f7cbe854078d1ac9338744f61a02 -> 
  custom:video-encoder-webm-vp8: eb34c28f22e8b96e1ab97ce403110664 -> 
  custom:audio-encoder-webm-vorbis: bf7c407c2cedff20999df2af8eb42d56 -> 
  custom:framework-win-MediaFoundation: 216162199b28c13a410421893ffa2e32 -> 
  custom:container-demuxer-ogg: 62fdf1f143b41e24485cea50d1cbac27 -> 
  custom:video-decoder-webm-vp8: 9c59270c3fd7afecdb556c50c9e8de78 -> 
  custom:audio-decoder-ogg-vorbis: bf7c407c2cedff20999df2af8eb42d56 -> 
========================================================================
Received Prepare
Refreshing native plugins compatible for Editor in 7.60 ms, found 3 plugins.
Preloading 0 native plugins for Editor in 0.00 ms.
Unloading 20 Unused Serialized files (Serialized files now loaded: 0)
Unloading 20 unused Assets / (78.2 KB). Loaded Objects now: 3992.
Memory consumption went from 103.9 MB to 103.8 MB.
Total: 7.037400 ms (FindLiveObjects: 0.431600 ms CreateObjectMapping: 0.216100 ms MarkObjects: 6.276700 ms  DeleteObjects: 0.112100 ms)

AssetImportParameters requested are different than current active one (requested -> active):
  custom:video-decoder-ogg-theora: a1e56fd34408186e4bbccfd4996cb3dc -> 
  custom:container-muxer-webm: aa71ff27fc2769a1b78a27578f13a17b -> 
  custom:container-demuxer-webm: 4f35f7cbe854078d1ac9338744f61a02 -> 
  custom:video-encoder-webm-vp8: eb34c28f22e8b96e1ab97ce403110664 -> 
  custom:audio-encoder-webm-vorbis: bf7c407c2cedff20999df2af8eb42d56 -> 
  custom:framework-win-MediaFoundation: 216162199b28c13a410421893ffa2e32 -> 
  custom:container-demuxer-ogg: 62fdf1f143b41e24485cea50d1cbac27 -> 
  custom:video-decoder-webm-vp8: 9c59270c3fd7afecdb556c50c9e8de78 -> 
  custom:audio-decoder-ogg-vorbis: bf7c407c2cedff20999df2af8eb42d56 -> 
