Using pre-set license
Built from '2021.3/evg/staging/82bb020e-b03b1330/draft-0' branch; Version is '2021.3.16f1 (4016570cf34f) revision 4200023'; Using compiler version '192829333'; Build Type 'Release'
OS: 'Windows 11  (10.0.22621) 64bit CoreSingleLanguage' Language: 'tr' Physical Memory: 16240 MB
BatchMode: 1, IsHumanControllingUs: 0, StartBugReporterOnCrash: 0, Is64bit: 1, IsPro: 1

COMMAND LINE ARGUMENTS:
D:\Unity\2021.3.16f1\Editor\Unity.exe
-adb2
-batchMode
-noUpm
-name
AssetImportWorker0
-projectPath
D:/Unity Projects/BIL392/BIL392 School project/BIL392/BIL392-Project
-logFile
Logs/AssetImportWorker0.log
-srvPort
51560
Successfully changed project path to: D:/Unity Projects/BIL392/BIL392 School project/BIL392/BIL392-Project
D:/Unity Projects/BIL392/BIL392 School project/BIL392/BIL392-Project
[UnityMemory] Configuration Parameters - Can be set up in boot.config
    "memorysetup-bucket-allocator-granularity=16"
    "memorysetup-bucket-allocator-bucket-count=8"
    "memorysetup-bucket-allocator-block-size=33554432"
    "memorysetup-bucket-allocator-block-count=8"
    "memorysetup-main-allocator-block-size=16777216"
    "memorysetup-thread-allocator-block-size=16777216"
    "memorysetup-gfx-main-allocator-block-size=16777216"
    "memorysetup-gfx-thread-allocator-block-size=16777216"
    "memorysetup-cache-allocator-block-size=4194304"
    "memorysetup-typetree-allocator-block-size=2097152"
    "memorysetup-profiler-bucket-allocator-granularity=16"
    "memorysetup-profiler-bucket-allocator-bucket-count=8"
    "memorysetup-profiler-bucket-allocator-block-size=33554432"
    "memorysetup-profiler-bucket-allocator-block-count=8"
    "memorysetup-profiler-allocator-block-size=16777216"
    "memorysetup-profiler-editor-allocator-block-size=1048576"
    "memorysetup-temp-allocator-size-main=16777216"
    "memorysetup-job-temp-allocator-block-size=2097152"
    "memorysetup-job-temp-allocator-block-size-background=1048576"
    "memorysetup-job-temp-allocator-reduction-small-platforms=262144"
    "memorysetup-temp-allocator-size-background-worker=32768"
    "memorysetup-temp-allocator-size-job-worker=262144"
    "memorysetup-temp-allocator-size-preload-manager=33554432"
    "memorysetup-temp-allocator-size-nav-mesh-worker=65536"
    "memorysetup-temp-allocator-size-audio-worker=65536"
    "memorysetup-temp-allocator-size-cloud-worker=32768"
    "memorysetup-temp-allocator-size-gi-baking-worker=262144"
    "memorysetup-temp-allocator-size-gfx=262144"
Player connection [18232] Host "[IP] 0.0.0.0 [Port] 0 [Flags] 2 [Guid] 2634107980 [EditorId] 2634107980 [Version] 1048832 [Id] WindowsEditor(7,DESKTOP-HUO8L92) [Debug] 1 [PackageName] WindowsEditor [ProjectName] Editor" joined multi-casting on [225.0.0.222:54997]...

Player connection [18232] Host "[IP] 0.0.0.0 [Port] 0 [Flags] 2 [Guid] 2634107980 [EditorId] 2634107980 [Version] 1048832 [Id] WindowsEditor(7,DESKTOP-HUO8L92) [Debug] 1 [PackageName] WindowsEditor [ProjectName] Editor" joined alternative multi-casting on [225.0.0.222:34997]...

Refreshing native plugins compatible for Editor in 123.72 ms, found 3 plugins.
Preloading 0 native plugins for Editor in 0.00 ms.
Initialize engine version: 2021.3.16f1 (4016570cf34f)
[Subsystems] Discovering subsystems at path D:/Unity/2021.3.16f1/Editor/Data/Resources/UnitySubsystems
[Subsystems] Discovering subsystems at path D:/Unity Projects/BIL392/BIL392 School project/BIL392/BIL392-Project/Assets
GfxDevice: creating device client; threaded=0; jobified=0
Direct3D:
    Version:  Direct3D 11.0 [level 11.1]
    Renderer: NVIDIA GeForce RTX 2060 (ID=0x1f11)
    Vendor:   NVIDIA
    VRAM:     5968 MB
    Driver:   31.0.15.3179
Initialize mono
Mono path[0] = 'D:/Unity/2021.3.16f1/Editor/Data/Managed'
Mono path[1] = 'D:/Unity/2021.3.16f1/Editor/Data/MonoBleedingEdge/lib/mono/unityjit-win32'
Mono config path = 'D:/Unity/2021.3.16f1/Editor/Data/MonoBleedingEdge/etc'
Using monoOptions --debugger-agent=transport=dt_socket,embedding=1,server=y,suspend=n,address=127.0.0.1:56072
Begin MonoManager ReloadAssembly
Registering precompiled unity dll's ...
Register platform support module: D:/Unity/2021.3.16f1/Editor/Data/PlaybackEngines/WindowsStandaloneSupport/UnityEditor.WindowsStandalone.Extensions.dll
Registered in 0.002141 seconds.
Native extension for WindowsStandalone target not found
Refreshing native plugins compatible for Editor in 100.29 ms, found 3 plugins.
Preloading 0 native plugins for Editor in 0.00 ms.
Mono: successfully reloaded assembly
- Completed reload, in  0.689 seconds
Domain Reload Profiling:
	ReloadAssembly (689ms)
		BeginReloadAssembly (97ms)
			ExecutionOrderSort (0ms)
			DisableScriptedObjects (0ms)
			BackupInstance (0ms)
			ReleaseScriptingObjects (0ms)
			CreateAndSetChildDomain (1ms)
		EndReloadAssembly (486ms)
			LoadAssemblies (96ms)
			RebuildTransferFunctionScriptingTraits (0ms)
			SetupTypeCache (115ms)
			ReleaseScriptCaches (0ms)
			RebuildScriptCaches (30ms)
			SetupLoadedEditorAssemblies (289ms)
				LogAssemblyErrors (0ms)
				InitializePlatformSupportModulesInManaged (7ms)
				SetLoadedEditorAssemblies (0ms)
				RefreshPlugins (100ms)
				BeforeProcessingInitializeOnLoad (1ms)
				ProcessInitializeOnLoadAttributes (130ms)
				ProcessInitializeOnLoadMethodAttributes (51ms)
				AfterProcessingInitializeOnLoad (0ms)
				EditorAssembliesLoaded (0ms)
			ExecutionOrderSort2 (0ms)
			AwakeInstancesAfterBackupRestoration (0ms)
Platform modules already initialized, skipping
Registering precompiled user dll's ...
Registered in 0.006676 seconds.
Begin MonoManager ReloadAssembly
Symbol file LoadedFromMemory doesn't match image D:\Unity Projects\BIL392\BIL392 School project\BIL392\BIL392-Project\Library\PackageCache\com.unity.visualscripting@1.7.8\Editor\VisualScripting.Core\Dependencies\YamlDotNet\Unity.VisualScripting.YamlDotNet.dll
Symbol file LoadedFromMemory doesn't match image D:\Unity Projects\BIL392\BIL392 School project\BIL392\BIL392-Project\Library\PackageCache\com.unity.visualscripting@1.7.8\Editor\VisualScripting.Core\Dependencies\DotNetZip\Unity.VisualScripting.IonicZip.dll
Native extension for WindowsStandalone target not found
Refreshing native plugins compatible for Editor in 0.78 ms, found 3 plugins.
Preloading 0 native plugins for Editor in 0.00 ms.
Mono: successfully reloaded assembly
- Completed reload, in  1.346 seconds
Domain Reload Profiling:
	ReloadAssembly (1347ms)
		BeginReloadAssembly (135ms)
			ExecutionOrderSort (0ms)
			DisableScriptedObjects (6ms)
			BackupInstance (0ms)
			ReleaseScriptingObjects (0ms)
			CreateAndSetChildDomain (20ms)
		EndReloadAssembly (1077ms)
			LoadAssemblies (123ms)
			RebuildTransferFunctionScriptingTraits (0ms)
			SetupTypeCache (362ms)
			ReleaseScriptCaches (1ms)
			RebuildScriptCaches (64ms)
			SetupLoadedEditorAssemblies (494ms)
				LogAssemblyErrors (0ms)
				InitializePlatformSupportModulesInManaged (5ms)
				SetLoadedEditorAssemblies (1ms)
				RefreshPlugins (1ms)
				BeforeProcessingInitializeOnLoad (103ms)
				ProcessInitializeOnLoadAttributes (340ms)
				ProcessInitializeOnLoadMethodAttributes (41ms)
				AfterProcessingInitializeOnLoad (3ms)
				EditorAssembliesLoaded (0ms)
			ExecutionOrderSort2 (0ms)
			AwakeInstancesAfterBackupRestoration (10ms)
Platform modules already initialized, skipping
========================================================================
Worker process is ready to serve import requests
Launched and connected shader compiler UnityShaderCompiler.exe after 0.06 seconds
Refreshing native plugins compatible for Editor in 1.04 ms, found 3 plugins.
Preloading 0 native plugins for Editor in 0.00 ms.
Unloading 3449 Unused Serialized files (Serialized files now loaded: 0)
Unloading 27 unused Assets / (113.7 KB). Loaded Objects now: 3933.
Memory consumption went from 156.3 MB to 156.1 MB.
Total: 4.622300 ms (FindLiveObjects: 0.360400 ms CreateObjectMapping: 0.308000 ms MarkObjects: 3.801600 ms  DeleteObjects: 0.151000 ms)

AssetImportParameters requested are different than current active one (requested -> active):
  custom:video-decoder-ogg-theora: a1e56fd34408186e4bbccfd4996cb3dc -> 
  custom:container-muxer-webm: aa71ff27fc2769a1b78a27578f13a17b -> 
  custom:container-demuxer-webm: 4f35f7cbe854078d1ac9338744f61a02 -> 
  custom:video-encoder-webm-vp8: eb34c28f22e8b96e1ab97ce403110664 -> 
  custom:audio-encoder-webm-vorbis: bf7c407c2cedff20999df2af8eb42d56 -> 
  custom:framework-win-MediaFoundation: 216162199b28c13a410421893ffa2e32 -> 
  custom:container-demuxer-ogg: 62fdf1f143b41e24485cea50d1cbac27 -> 
  custom:video-decoder-webm-vp8: 9c59270c3fd7afecdb556c50c9e8de78 -> 
  custom:audio-decoder-ogg-vorbis: bf7c407c2cedff20999df2af8eb42d56 -> 
========================================================================
Received Import Request.
  Time since last request: 1767.754382 seconds.
  path: Assets/Assets/Prologue/Conifers [BOTD]
  artifactKey: Guid(ffbfd8956a141dd449abc707e2441913) Importer(815301076,1909f56bfc062723c751e8b465ee728b)
Start importing Assets/Assets/Prologue/Conifers [BOTD] using Guid(ffbfd8956a141dd449abc707e2441913) Importer(815301076,1909f56bfc062723c751e8b465ee728b)  -> (artifact id: '6bc6f33ee796fc4b2ee4d7724c5655b6') in 0.017389 seconds 
========================================================================
Received Import Request.
  Time since last request: 0.541973 seconds.
  path: Assets/_TerrainAutoUpgrade/layer_FD_Cliff_23d3aba195e4d26ee.terrainlayer
  artifactKey: Guid(d475e0faae6267d42a979a5c907b427b) Importer(815301076,1909f56bfc062723c751e8b465ee728b)
Start importing Assets/_TerrainAutoUpgrade/layer_FD_Cliff_23d3aba195e4d26ee.terrainlayer using Guid(d475e0faae6267d42a979a5c907b427b) Importer(815301076,1909f56bfc062723c751e8b465ee728b)  -> (artifact id: '2740f6a4f320356ae0e172552ee3db07') in 0.577804 seconds 
========================================================================
Received Import Request.
  Time since last request: 1.322148 seconds.
  path: Assets/Assets
  artifactKey: Guid(030244cd750d31f4bba5482ac5158c13) Importer(815301076,1909f56bfc062723c751e8b465ee728b)
Start importing Assets/Assets using Guid(030244cd750d31f4bba5482ac5158c13) Importer(815301076,1909f56bfc062723c751e8b465ee728b)  -> (artifact id: 'dfaa1fdd4e60fefb6714868801b581ae') in 0.009969 seconds 
========================================================================
Received Import Request.
  Time since last request: 0.062390 seconds.
  path: Assets/Assets/New Terrain 1.asset
  artifactKey: Guid(c6281f2583c43a2449880d20e60e5c58) Importer(815301076,1909f56bfc062723c751e8b465ee728b)
Start importing Assets/Assets/New Terrain 1.asset using Guid(c6281f2583c43a2449880d20e60e5c58) Importer(815301076,1909f56bfc062723c751e8b465ee728b)  -> (artifact id: '71e0f81d099f3b8c55b15c385d29a37b') in 1.152043 seconds 
========================================================================
Received Import Request.
  Time since last request: 0.000035 seconds.
  path: Assets/Assets/New TMP Color Gradient.asset
  artifactKey: Guid(7ae05dffc71542f4191ade51737e4cf5) Importer(815301076,1909f56bfc062723c751e8b465ee728b)
Start importing Assets/Assets/New TMP Color Gradient.asset using Guid(7ae05dffc71542f4191ade51737e4cf5) Importer(815301076,1909f56bfc062723c751e8b465ee728b)  -> (artifact id: '7eef1ab2177fa0e1620ec25005caad8a') in 0.017864 seconds 
========================================================================
Received Import Request.
  Time since last request: 0.000034 seconds.
  path: Assets/Assets/New Terrain 3.asset
  artifactKey: Guid(b2c01be8f169cf14ab7158b0e6753335) Importer(815301076,1909f56bfc062723c751e8b465ee728b)
Start importing Assets/Assets/New Terrain 3.asset using Guid(b2c01be8f169cf14ab7158b0e6753335) Importer(815301076,1909f56bfc062723c751e8b465ee728b)  -> (artifact id: '5a7ee9286f5f9df6c4751776bcd36f94') in 0.081360 seconds 
========================================================================
Received Import Request.
  Time since last request: 0.000017 seconds.
  path: Assets/Assets/New Terrain.asset
  artifactKey: Guid(75c46677ee711204582a29aa27d18aad) Importer(815301076,1909f56bfc062723c751e8b465ee728b)
Start importing Assets/Assets/New Terrain.asset using Guid(75c46677ee711204582a29aa27d18aad) Importer(815301076,1909f56bfc062723c751e8b465ee728b)  -> (artifact id: '6f7b78cdfc2b848f060f5791078b84fe') in 0.044865 seconds 
========================================================================
Received Import Request.
  Time since last request: 11.150745 seconds.
  path: Assets/Assets/Prologue/Conifers [BOTD]/Render Pipeline Support/Built-in RP/Prefabs/PF Conifer Medium BOTD.prefab
  artifactKey: Guid(abdd95d0229d64588b03d2806d9cc19a) Importer(815301076,1909f56bfc062723c751e8b465ee728b)
Start importing Assets/Assets/Prologue/Conifers [BOTD]/Render Pipeline Support/Built-in RP/Prefabs/PF Conifer Medium BOTD.prefab using Guid(abdd95d0229d64588b03d2806d9cc19a) Importer(815301076,1909f56bfc062723c751e8b465ee728b)  -> (artifact id: 'b29e75207beafdb7b8f5abc7685ce34e') in 2.660101 seconds 
========================================================================
Received Import Request.
  Time since last request: 0.000019 seconds.
  path: Assets/Assets/Prologue/Conifers [BOTD]/Render Pipeline Support/Built-in RP/Prefabs/PF Conifer Tall BOTD.prefab
  artifactKey: Guid(f41642586885949968180791f012ee81) Importer(815301076,1909f56bfc062723c751e8b465ee728b)
Start importing Assets/Assets/Prologue/Conifers [BOTD]/Render Pipeline Support/Built-in RP/Prefabs/PF Conifer Tall BOTD.prefab using Guid(f41642586885949968180791f012ee81) Importer(815301076,1909f56bfc062723c751e8b465ee728b)  -> (artifact id: 'aaf6c8d2fcc4c4ed99154a2c2f89b707') in 0.520788 seconds 
========================================================================
Received Prepare
Refreshing native plugins compatible for Editor in 5.44 ms, found 3 plugins.
Preloading 0 native plugins for Editor in 0.00 ms.
Unloading 20 Unused Serialized files (Serialized files now loaded: 0)
Unloading 20 unused Assets / (77.9 KB). Loaded Objects now: 3946.
Memory consumption went from 89.8 MB to 89.7 MB.
Total: 3.579600 ms (FindLiveObjects: 0.303200 ms CreateObjectMapping: 0.214900 ms MarkObjects: 2.973400 ms  DeleteObjects: 0.087300 ms)

AssetImportParameters requested are different than current active one (requested -> active):
  custom:video-decoder-ogg-theora: a1e56fd34408186e4bbccfd4996cb3dc -> 
  custom:container-muxer-webm: aa71ff27fc2769a1b78a27578f13a17b -> 
  custom:container-demuxer-webm: 4f35f7cbe854078d1ac9338744f61a02 -> 
  custom:video-encoder-webm-vp8: eb34c28f22e8b96e1ab97ce403110664 -> 
  custom:audio-encoder-webm-vorbis: bf7c407c2cedff20999df2af8eb42d56 -> 
  custom:framework-win-MediaFoundation: 216162199b28c13a410421893ffa2e32 -> 
  custom:container-demuxer-ogg: 62fdf1f143b41e24485cea50d1cbac27 -> 
  custom:video-decoder-webm-vp8: 9c59270c3fd7afecdb556c50c9e8de78 -> 
  custom:audio-decoder-ogg-vorbis: bf7c407c2cedff20999df2af8eb42d56 -> 
========================================================================
Received Import Request.
  Time since last request: 552.134857 seconds.
  path: Assets/Assets/Prologue/Conifers [BOTD]/Shared Sources/Textures/BODT Conifer x Stump [Albedo] [Smoothness].tif
  artifactKey: Guid(d7e1060759db04260bbeb12bc11664bd) Importer(815301076,1909f56bfc062723c751e8b465ee728b)
Start importing Assets/Assets/Prologue/Conifers [BOTD]/Shared Sources/Textures/BODT Conifer x Stump [Albedo] [Smoothness].tif using Guid(d7e1060759db04260bbeb12bc11664bd) Importer(815301076,1909f56bfc062723c751e8b465ee728b)  -> (artifact id: '1349d08c475ddb846451e1b1dd8e2d41') in 0.384716 seconds 
========================================================================
Received Import Request.
  Time since last request: 0.000025 seconds.
  path: Assets/Assets/Jammo-Character/Models/Jammo_LowPoly.fbx
  artifactKey: Guid(82a2914d8f86c62488456950c8330e38) Importer(815301076,1909f56bfc062723c751e8b465ee728b)
Start importing Assets/Assets/Jammo-Character/Models/Jammo_LowPoly.fbx using Guid(82a2914d8f86c62488456950c8330e38) Importer(815301076,1909f56bfc062723c751e8b465ee728b)  -> (artifact id: 'ca776cc93f9892e1fc1c0a7caba69160') in 0.656683 seconds 
========================================================================
Received Import Request.
  Time since last request: 0.000032 seconds.
  path: Assets/Assets/TextureHaven/sandstone_4k/sandstone_4k_materials/large_sandstone_blocks_01.mat
  artifactKey: Guid(e74e7d6a0284e6c4a84cbb03ef6778d6) Importer(815301076,1909f56bfc062723c751e8b465ee728b)
Start importing Assets/Assets/TextureHaven/sandstone_4k/sandstone_4k_materials/large_sandstone_blocks_01.mat using Guid(e74e7d6a0284e6c4a84cbb03ef6778d6) Importer(815301076,1909f56bfc062723c751e8b465ee728b)  -> (artifact id: '2a12c08fc6efa18a05d98b7da4c54d3a') in 1.042869 seconds 
========================================================================
Received Import Request.
  Time since last request: 0.000033 seconds.
  path: Assets/Assets/_DesertKits64_Sample/FBX/DesertKits64_Sample.FBX
  artifactKey: Guid(48dc4c6cddf48a943bf7251f1ba06c05) Importer(815301076,1909f56bfc062723c751e8b465ee728b)
Start importing Assets/Assets/_DesertKits64_Sample/FBX/DesertKits64_Sample.FBX using Guid(48dc4c6cddf48a943bf7251f1ba06c05) Importer(815301076,1909f56bfc062723c751e8b465ee728b)  -> (artifact id: 'a3d142970aba21cd8ef635a0c1485ee6') in 0.221217 seconds 
========================================================================
Received Import Request.
  Time since last request: 0.000037 seconds.
  path: Assets/Assets/Particlecollection_Free samples/Material/effect_distortion_mask.mat
  artifactKey: Guid(e996f264d100b7440a22e2bcc83b4eff) Importer(815301076,1909f56bfc062723c751e8b465ee728b)
Start importing Assets/Assets/Particlecollection_Free samples/Material/effect_distortion_mask.mat using Guid(e996f264d100b7440a22e2bcc83b4eff) Importer(815301076,1909f56bfc062723c751e8b465ee728b)  -> (artifact id: '3f60f251d03cb63de9b501fe5519c2dd') in 0.215841 seconds 
========================================================================
Received Import Request.
  Time since last request: 0.000029 seconds.
  path: Assets/Assets/Animation/Jammo_LowPoly@Jump.fbx
  artifactKey: Guid(16814a16cba0a194e8c254733bdce63b) Importer(815301076,1909f56bfc062723c751e8b465ee728b)
Start importing Assets/Assets/Animation/Jammo_LowPoly@Jump.fbx using Guid(16814a16cba0a194e8c254733bdce63b) Importer(815301076,1909f56bfc062723c751e8b465ee728b)  -> (artifact id: '1c21d6bed687c06d44f17183bdc5d2ba') in 0.289979 seconds 
========================================================================
Received Import Request.
  Time since last request: 0.000037 seconds.
  path: Assets/Assets/Cartoon Temple Building Kit/Fbx/Ground Stones Tile/Ground Stones Tile Half 2.fbx
  artifactKey: Guid(c62a66cf185cb51439c4ff165ab08b9d) Importer(815301076,1909f56bfc062723c751e8b465ee728b)
Start importing Assets/Assets/Cartoon Temple Building Kit/Fbx/Ground Stones Tile/Ground Stones Tile Half 2.fbx using Guid(c62a66cf185cb51439c4ff165ab08b9d) Importer(815301076,1909f56bfc062723c751e8b465ee728b)  -> (artifact id: '554c8ce36fc04e917ba228140fbdded7') in 0.039057 seconds 
========================================================================
Received Import Request.
  Time since last request: 0.000019 seconds.
  path: Assets/Assets/_DesertKits64_Sample/Prefabs/Desert_Obelisk_Stand.prefab
  artifactKey: Guid(09c2ce84a75b3324fb5c689e5ac6ce7e) Importer(815301076,1909f56bfc062723c751e8b465ee728b)
Start importing Assets/Assets/_DesertKits64_Sample/Prefabs/Desert_Obelisk_Stand.prefab using Guid(09c2ce84a75b3324fb5c689e5ac6ce7e) Importer(815301076,1909f56bfc062723c751e8b465ee728b)  -> (artifact id: 'd5658a3c1e56f45dfe1e0c25f2fad6c0') in 0.048613 seconds 
========================================================================
Received Import Request.
  Time since last request: 0.000018 seconds.
  path: Assets/Assets/Cartoon Temple Building Kit/Fbx/Ground Stones Tile/Ground Stones Tiles 1x5.fbx
  artifactKey: Guid(ef3a415e2b4c15941af5e74da6e162b0) Importer(815301076,1909f56bfc062723c751e8b465ee728b)
Start importing Assets/Assets/Cartoon Temple Building Kit/Fbx/Ground Stones Tile/Ground Stones Tiles 1x5.fbx using Guid(ef3a415e2b4c15941af5e74da6e162b0) Importer(815301076,1909f56bfc062723c751e8b465ee728b)  -> (artifact id: '241b08c1644c843a45f46d0a2b9da526') in 0.114805 seconds 
========================================================================
Received Import Request.
  Time since last request: 0.000027 seconds.
  path: Assets/Assets/Animation/Jammo_LowPoly@Jump (1).fbx
  artifactKey: Guid(b911803861b8d9d44ba509747a9109e6) Importer(815301076,1909f56bfc062723c751e8b465ee728b)
Start importing Assets/Assets/Animation/Jammo_LowPoly@Jump (1).fbx using Guid(b911803861b8d9d44ba509747a9109e6) Importer(815301076,1909f56bfc062723c751e8b465ee728b)  -> (artifact id: 'db058043abe6a53e54d5fbe854ca6c50') in 0.473565 seconds 
========================================================================
Received Prepare
Registering precompiled user dll's ...
Registered in 0.009433 seconds.
Begin MonoManager ReloadAssembly
Symbol file LoadedFromMemory doesn't match image D:\Unity Projects\BIL392\BIL392 School project\BIL392\BIL392-Project\Library\PackageCache\com.unity.visualscripting@1.7.8\Editor\VisualScripting.Core\Dependencies\YamlDotNet\Unity.VisualScripting.YamlDotNet.dll
Symbol file LoadedFromMemory doesn't match image D:\Unity Projects\BIL392\BIL392 School project\BIL392\BIL392-Project\Library\PackageCache\com.unity.visualscripting@1.7.8\Editor\VisualScripting.Core\Dependencies\DotNetZip\Unity.VisualScripting.IonicZip.dll
Native extension for WindowsStandalone target not found
Refreshing native plugins compatible for Editor in 1.97 ms, found 3 plugins.
Preloading 0 native plugins for Editor in 0.00 ms.
Mono: successfully reloaded assembly
- Completed reload, in  1.758 seconds
Domain Reload Profiling:
	ReloadAssembly (1759ms)
		BeginReloadAssembly (283ms)
			ExecutionOrderSort (0ms)
			DisableScriptedObjects (7ms)
			BackupInstance (0ms)
			ReleaseScriptingObjects (0ms)
			CreateAndSetChildDomain (58ms)
		EndReloadAssembly (1315ms)
			LoadAssemblies (217ms)
			RebuildTransferFunctionScriptingTraits (0ms)
			SetupTypeCache (509ms)
			ReleaseScriptCaches (1ms)
			RebuildScriptCaches (62ms)
			SetupLoadedEditorAssemblies (534ms)
				LogAssemblyErrors (0ms)
				InitializePlatformSupportModulesInManaged (20ms)
				SetLoadedEditorAssemblies (1ms)
				RefreshPlugins (2ms)
				BeforeProcessingInitializeOnLoad (102ms)
				ProcessInitializeOnLoadAttributes (362ms)
				ProcessInitializeOnLoadMethodAttributes (43ms)
				AfterProcessingInitializeOnLoad (3ms)
				EditorAssembliesLoaded (0ms)
			ExecutionOrderSort2 (0ms)
			AwakeInstancesAfterBackupRestoration (14ms)
Platform modules already initialized, skipping
Refreshing native plugins compatible for Editor in 3.61 ms, found 3 plugins.
Preloading 0 native plugins for Editor in 0.00 ms.
Unloading 3415 Unused Serialized files (Serialized files now loaded: 0)
Unloading 20 unused Assets / (80.6 KB). Loaded Objects now: 3988.
Memory consumption went from 171.4 MB to 171.3 MB.
Total: 4.058400 ms (FindLiveObjects: 0.337100 ms CreateObjectMapping: 0.239800 ms MarkObjects: 3.371400 ms  DeleteObjects: 0.108800 ms)

AssetImportParameters requested are different than current active one (requested -> active):
  custom:video-decoder-ogg-theora: a1e56fd34408186e4bbccfd4996cb3dc -> 
  custom:container-muxer-webm: aa71ff27fc2769a1b78a27578f13a17b -> 
  custom:container-demuxer-webm: 4f35f7cbe854078d1ac9338744f61a02 -> 
  custom:video-encoder-webm-vp8: eb34c28f22e8b96e1ab97ce403110664 -> 
  custom:audio-encoder-webm-vorbis: bf7c407c2cedff20999df2af8eb42d56 -> 
  custom:framework-win-MediaFoundation: 216162199b28c13a410421893ffa2e32 -> 
  custom:container-demuxer-ogg: 62fdf1f143b41e24485cea50d1cbac27 -> 
  custom:video-decoder-webm-vp8: 9c59270c3fd7afecdb556c50c9e8de78 -> 
  custom:audio-decoder-ogg-vorbis: bf7c407c2cedff20999df2af8eb42d56 -> 
Editor requested this worker to shutdown with reason: Scaling down because of idle timeout
AssetImportWorker is now disconnected from the server
Process exiting
Exiting without the bug reporter. Application will terminate with return code 0